Flow report for register_8bit
Sun Nov 12 17:55:58 2017
Quartus II 64-Bit Version 12.1 Build 177 11/07/2012 SJ Full Version


---------------------
; Table of Contents ;
---------------------
  1. Legal Notice
  2. Flow Summary
  3. Flow Settings
  4. Flow Non-Default Global Settings
  5. Flow Elapsed Time
  6. Flow OS Summary
  7. Flow Log



----------------
; Legal Notice ;
----------------
Copyright (C) 1991-2012 Altera Corporation
Your use of Altera Corporation's design tools, logic functions 
and other software and tools, and its AMPP partner logic 
functions, and any output files from any of the foregoing 
(including device programming or simulation files), and any 
associated documentation or information are expressly subject 
to the terms and conditions of the Altera Program License 
Subscription Agreement, Altera MegaCore Function License 
Agreement, or other applicable license agreement, including, 
without limitation, that your use is for the sole purpose of 
programming logic devices manufactured by Altera and sold by 
Altera or its authorized distributors.  Please refer to the 
applicable agreement for further details.



+-----------------------------------------------------------------------------+
; Flow Summary                                                                ;
+---------------------------------+-------------------------------------------+
; Flow Status                     ; Successful - Sun Nov 12 17:55:23 2017     ;
; Quartus II 64-Bit Version       ; 12.1 Build 177 11/07/2012 SJ Full Version ;
; Revision Name                   ; register_8bit                             ;
; Top-level Entity Name           ; register_8bit                             ;
; Family                          ; Cyclone V                                 ;
; Device                          ; 5CGXFC7C7F23C8                            ;
; Timing Models                   ; Preliminary                               ;
; Logic utilization (in ALMs)     ; 13 / 56,480 ( < 1 % )                     ;
; Total registers                 ; 8                                         ;
; Total pins                      ; 18 / 268 ( 7 % )                          ;
; Total virtual pins              ; 0                                         ;
; Total block memory bits         ; 0 / 7,024,640 ( 0 % )                     ;
; Total DSP Blocks                ; 0 / 156 ( 0 % )                           ;
; Total HSSI RX PCSs              ; 0 / 6 ( 0 % )                             ;
; Total HSSI PMA RX Deserializers ; 0 / 6 ( 0 % )                             ;
; Total HSSI TX PCSs              ; 0 / 6 ( 0 % )                             ;
; Total HSSI PMA TX Serializers   ; 0 / 6 ( 0 % )                             ;
; Total PLLs                      ; 0 / 13 ( 0 % )                            ;
; Total DLLs                      ; 0 / 4 ( 0 % )                             ;
+---------------------------------+-------------------------------------------+


+-----------------------------------------+
; Flow Settings                           ;
+-------------------+---------------------+
; Option            ; Setting             ;
+-------------------+---------------------+
; Start date & time ; 11/12/2017 17:52:51 ;
; Main task         ; Compilation         ;
; Revision Name     ; register_8bit       ;
+-------------------+---------------------+


+------------------------------------------------------------------------------------------------------------------+
; Flow Non-Default Global Settings                                                                                 ;
+-------------------------------------+---------------------------------+---------------+-------------+------------+
; Assignment Name                     ; Value                           ; Default Value ; Entity Name ; Section Id ;
+-------------------------------------+---------------------------------+---------------+-------------+------------+
; COMPILER_SIGNATURE_ID               ; 207273059223001.151048037112988 ; --            ; --          ; --         ;
; PARTITION_COLOR                     ; 16764057                        ; --            ; --          ; Top        ;
; PARTITION_FITTER_PRESERVATION_LEVEL ; PLACEMENT_AND_ROUTING           ; --            ; --          ; Top        ;
; PARTITION_NETLIST_TYPE              ; SOURCE                          ; --            ; --          ; Top        ;
; PROJECT_OUTPUT_DIRECTORY            ; output_files                    ; --            ; --          ; --         ;
+-------------------------------------+---------------------------------+---------------+-------------+------------+


+-------------------------------------------------------------------------------------------------------------------------------+
; Flow Elapsed Time                                                                                                             ;
+---------------------------+--------------+-------------------------+---------------------+------------------------------------+
; Module Name               ; Elapsed Time ; Average Processors Used ; Peak Virtual Memory ; Total CPU Time (on all processors) ;
+---------------------------+--------------+-------------------------+---------------------+------------------------------------+
; Analysis & Synthesis      ; 00:00:03     ; 1.0                     ; 561 MB              ; 00:00:02                           ;
; Fitter                    ; 00:02:02     ; 1.3                     ; 3973 MB             ; 00:01:53                           ;
; Assembler                 ; 00:00:05     ; 1.0                     ; 541 MB              ; 00:00:02                           ;
; TimeQuest Timing Analyzer ; 00:00:34     ; 1.0                     ; 2878 MB             ; 00:00:24                           ;
; Total                     ; 00:02:44     ; --                      ; --                  ; 00:02:21                           ;
+---------------------------+--------------+-------------------------+---------------------+------------------------------------+


+----------------------------------------------------------------------------------------+
; Flow OS Summary                                                                        ;
+---------------------------+------------------+-----------+------------+----------------+
; Module Name               ; Machine Hostname ; OS Name   ; OS Version ; Processor type ;
+---------------------------+------------------+-----------+------------+----------------+
; Analysis & Synthesis      ; Johnmc104-Surf   ; Windows 7 ; 6.2        ; x86_64         ;
; Fitter                    ; Johnmc104-Surf   ; Windows 7 ; 6.2        ; x86_64         ;
; Assembler                 ; Johnmc104-Surf   ; Windows 7 ; 6.2        ; x86_64         ;
; TimeQuest Timing Analyzer ; Johnmc104-Surf   ; Windows 7 ; 6.2        ; x86_64         ;
+---------------------------+------------------+-----------+------------+----------------+


------------
; Flow Log ;
------------
quartus_map --read_settings_files=on --write_settings_files=off register_8bit -c register_8bit
quartus_fit --read_settings_files=off --write_settings_files=off register_8bit -c register_8bit
quartus_asm --read_settings_files=off --write_settings_files=off register_8bit -c register_8bit
quartus_sta register_8bit -c register_8bit



